<?xml version="1.0" encoding="UTF-8"?>
<!-- Generated by org.testng.reporters.JUnitReportReporter -->
<testsuite hostname="DESKTOP-HVLADVB" failures="0" tests="2" name="com.apc.kaiser.testcases.HomePageTest" time="52.567" errors="0" timestamp="21 Nov 2021 08:32:06 GMT" skipped="0">
  <testcase classname="com.apc.kaiser.testcases.HomePageTest" name="verifyHomePageTitleTest" time="16.286"/>
  <testcase classname="com.apc.kaiser.testcases.HomePageTest" name="claimsSearchTest" time="36.281"/>
</testsuite> <!-- com.apc.kaiser.testcases.HomePageTest -->
