<?xml version="1.0" encoding="UTF-8"?>
<!-- Generated by org.testng.reporters.JUnitReportReporter -->
<testsuite hostname="DESKTOP-HVLADVB" failures="0" tests="2" name="com.apc.kaiser.testcases.LoginPageTest" time="26.859" errors="0" timestamp="22 Nov 2021 11:49:18 GMT" skipped="0">
  <testcase classname="com.apc.kaiser.testcases.LoginPageTest" name="loginPageTitleTest" time="8.292"/>
  <testcase classname="com.apc.kaiser.testcases.LoginPageTest" name="loginTest" time="18.567"/>
</testsuite> <!-- com.apc.kaiser.testcases.LoginPageTest -->
