<?xml version="1.0" encoding="UTF-8"?>
<!-- Generated by org.testng.reporters.JUnitReportReporter -->
<testsuite hostname="DESKTOP-HVLADVB" failures="0" tests="2" name="com.apc.kaiser.testcases.LoginPageTest" time="35.671" errors="0" timestamp="21 Nov 2021 13:08:43 GMT" skipped="0">
  <testcase classname="com.apc.kaiser.testcases.LoginPageTest" name="loginPageTitleTest" time="8.126"/>
  <testcase classname="com.apc.kaiser.testcases.LoginPageTest" name="loginTest" time="27.545"/>
</testsuite> <!-- com.apc.kaiser.testcases.LoginPageTest -->
