<?xml version="1.0" encoding="UTF-8"?>
<!-- Generated by org.testng.reporters.JUnitReportReporter -->
<testsuite hostname="DESKTOP-HVLADVB" failures="0" tests="2" name="com.apc.kaiser.testcases.LoginPageTest" time="34.303" errors="0" timestamp="21 Nov 2021 16:15:57 GMT" skipped="0">
  <testcase classname="com.apc.kaiser.testcases.LoginPageTest" name="loginPageTitleTest" time="8.969"/>
  <testcase classname="com.apc.kaiser.testcases.LoginPageTest" name="loginTest" time="25.334"/>
</testsuite> <!-- com.apc.kaiser.testcases.LoginPageTest -->
