<?xml version="1.0" encoding="UTF-8"?>
<!-- Generated by org.testng.reporters.JUnitReportReporter -->
<testsuite hostname="DESKTOP-HVLADVB" failures="0" tests="1" name="com.apc.kaiser.testcases.HomePageTest" time="62.459" errors="0" timestamp="26 Nov 2021 03:37:12 GMT" skipped="0">
  <testcase classname="com.apc.kaiser.testcases.HomePageTest" name="claimsSearchTest" time="62.459"/>
</testsuite> <!-- com.apc.kaiser.testcases.HomePageTest -->
