<?xml version="1.0" encoding="UTF-8"?>
<!-- Generated by org.testng.reporters.JUnitReportReporter -->
<testsuite hostname="DESKTOP-HVLADVB" failures="0" tests="2" name="com.crm.qa.testcases.HomePageTest" time="56.594" errors="0" timestamp="21 Nov 2021 06:53:15 GMT" skipped="0">
  <testcase classname="com.crm.qa.testcases.HomePageTest" name="verifyHomePageTitleTest" time="17.476"/>
  <testcase classname="com.crm.qa.testcases.HomePageTest" name="claimsSearchTest" time="39.118"/>
</testsuite> <!-- com.crm.qa.testcases.HomePageTest -->
