<?xml version="1.0" encoding="UTF-8"?>
<!-- Generated by org.testng.reporters.JUnitReportReporter -->
<testsuite hostname="DESKTOP-HVLADVB" failures="0" tests="2" name="com.apc.kaiser.testcases.LoginPageTest" time="34.079" errors="0" timestamp="08 Dec 2021 14:42:29 GMT" skipped="0">
  <testcase classname="com.apc.kaiser.testcases.LoginPageTest" name="loginPageTitleTest" time="10.382"/>
  <testcase classname="com.apc.kaiser.testcases.LoginPageTest" name="loginTest" time="23.697"/>
</testsuite> <!-- com.apc.kaiser.testcases.LoginPageTest -->
