<?xml version="1.0" encoding="UTF-8"?>
<!-- Generated by org.testng.reporters.JUnitReportReporter -->
<testsuite hostname="DESKTOP-HVLADVB" failures="0" tests="1" name="com.apc.kaiser.testcases.ClaimsSearch4ClaimsTest" time="100.141" errors="0" timestamp="22 Nov 2021 14:24:52 GMT" skipped="0">
  <testcase classname="com.apc.kaiser.testcases.ClaimsSearch4ClaimsTest" name="claimsSearchEnterDataTest" time="100.141"/>
</testsuite> <!-- com.apc.kaiser.testcases.ClaimsSearch4ClaimsTest -->
