<?xml version="1.0" encoding="UTF-8"?>
<!-- Generated by org.testng.reporters.JUnitReportReporter -->
<testsuite hostname="DESKTOP-HVLADVB" failures="0" tests="2" name="com.apc.kaiser.testcases.LoginPageTest" time="27.148" errors="0" timestamp="22 Nov 2021 14:22:02 GMT" skipped="0">
  <testcase classname="com.apc.kaiser.testcases.LoginPageTest" name="loginPageTitleTest" time="10.005"/>
  <testcase classname="com.apc.kaiser.testcases.LoginPageTest" name="loginTest" time="17.143"/>
</testsuite> <!-- com.apc.kaiser.testcases.LoginPageTest -->
