<?xml version="1.0" encoding="UTF-8"?>
<!-- Generated by org.testng.reporters.JUnitReportReporter -->
<testsuite hostname="DESKTOP-HVLADVB" failures="0" tests="1" name="com.apc.kaiser.testcases.ClaimsSearch4ClaimsTest" time="99.008" errors="0" timestamp="22 Nov 2021 11:49:18 GMT" skipped="0">
  <testcase classname="com.apc.kaiser.testcases.ClaimsSearch4ClaimsTest" name="claimsSearchEnterDataTest" time="99.008"/>
</testsuite> <!-- com.apc.kaiser.testcases.ClaimsSearch4ClaimsTest -->
