<?xml version="1.0" encoding="UTF-8"?>
<!-- Generated by org.testng.reporters.JUnitReportReporter -->
<testsuite hostname="DESKTOP-HVLADVB" failures="0" tests="1" name="com.apc.kaiser.testcases.ClaimsSearch4ClaimsTest" time="107.370" errors="0" timestamp="08 Dec 2021 14:42:29 GMT" skipped="0">
  <testcase classname="com.apc.kaiser.testcases.ClaimsSearch4ClaimsTest" name="claimsSearchEnterDataTest" time="107.370"/>
</testsuite> <!-- com.apc.kaiser.testcases.ClaimsSearch4ClaimsTest -->
