<?xml version="1.0" encoding="UTF-8"?>
<!-- Generated by org.testng.reporters.JUnitReportReporter -->
<testsuite hostname="DESKTOP-HVLADVB" failures="0" tests="2" name="com.apc.kaiser.testcases.LoginPageTest" time="34.210" errors="0" timestamp="21 Nov 2021 12:33:49 GMT" skipped="0">
  <testcase classname="com.apc.kaiser.testcases.LoginPageTest" name="loginPageTitleTest" time="8.004"/>
  <testcase classname="com.apc.kaiser.testcases.LoginPageTest" name="loginTest" time="26.206"/>
</testsuite> <!-- com.apc.kaiser.testcases.LoginPageTest -->
