<?xml version="1.0" encoding="UTF-8"?>
<!-- Generated by org.testng.reporters.JUnitReportReporter -->
<testsuite hostname="DESKTOP-HVLADVB" failures="0" tests="2" name="com.apc.kaiser.testcases.HomePageTest" time="61.310" errors="0" timestamp="21 Nov 2021 12:33:49 GMT" skipped="0">
  <testcase classname="com.apc.kaiser.testcases.HomePageTest" name="verifyHomePageTitleTest" time="21.656"/>
  <testcase classname="com.apc.kaiser.testcases.HomePageTest" name="claimsSearchTest" time="39.654"/>
</testsuite> <!-- com.apc.kaiser.testcases.HomePageTest -->
