<?xml version="1.0" encoding="UTF-8"?>
<!-- Generated by org.testng.reporters.JUnitReportReporter -->
<testsuite hostname="DESKTOP-HVLADVB" failures="0" tests="2" name="com.apc.kaiser.testcases.LoginPageTest" time="36.625" errors="0" timestamp="21 Nov 2021 08:32:06 GMT" skipped="0">
  <testcase classname="com.apc.kaiser.testcases.LoginPageTest" name="loginPageTitleTest" time="8.979"/>
  <testcase classname="com.apc.kaiser.testcases.LoginPageTest" name="loginTest" time="27.646"/>
</testsuite> <!-- com.apc.kaiser.testcases.LoginPageTest -->
