<?xml version="1.0" encoding="UTF-8"?>
<!-- Generated by org.testng.reporters.JUnitReportReporter -->
<testsuite hostname="DESKTOP-HVLADVB" failures="0" tests="2" name="com.crm.qa.testcases.LoginPageTest" time="36.140" errors="0" timestamp="21 Nov 2021 06:53:15 GMT" skipped="0">
  <testcase classname="com.crm.qa.testcases.LoginPageTest" name="loginPageTitleTest" time="9.132"/>
  <testcase classname="com.crm.qa.testcases.LoginPageTest" name="loginTest" time="27.008"/>
</testsuite> <!-- com.crm.qa.testcases.LoginPageTest -->
