<?xml version="1.0" encoding="UTF-8"?>
<!-- Generated by org.testng.reporters.JUnitReportReporter -->
<testsuite hostname="DESKTOP-HVLADVB" failures="0" tests="2" name="com.apc.kaiser.testcases.LoginPageTest" time="33.399" errors="0" timestamp="26 Nov 2021 03:37:12 GMT" skipped="0">
  <testcase classname="com.apc.kaiser.testcases.LoginPageTest" name="loginPageTitleTest" time="12.495"/>
  <testcase classname="com.apc.kaiser.testcases.LoginPageTest" name="loginTest" time="20.904"/>
</testsuite> <!-- com.apc.kaiser.testcases.LoginPageTest -->
