<?xml version="1.0" encoding="UTF-8"?>
<!-- Generated by org.testng.reporters.JUnitReportReporter -->
<testsuite hostname="DESKTOP-HVLADVB" failures="0" tests="2" name="com.apc.kaiser.testcases.HomePageTest" time="55.101" errors="0" timestamp="21 Nov 2021 09:02:07 GMT" skipped="0">
  <testcase classname="com.apc.kaiser.testcases.HomePageTest" name="verifyHomePageTitleTest" time="16.383"/>
  <testcase classname="com.apc.kaiser.testcases.HomePageTest" name="claimsSearchTest" time="38.718"/>
</testsuite> <!-- com.apc.kaiser.testcases.HomePageTest -->
