<?xml version="1.0" encoding="UTF-8"?>
<!-- Generated by org.testng.reporters.JUnitReportReporter -->
<testsuite hostname="DESKTOP-HVLADVB" failures="0" tests="2" name="com.apc.kaiser.testcases.LoginPageTest" time="37.927" errors="0" timestamp="21 Nov 2021 09:02:07 GMT" skipped="0">
  <testcase classname="com.apc.kaiser.testcases.LoginPageTest" name="loginPageTitleTest" time="9.995"/>
  <testcase classname="com.apc.kaiser.testcases.LoginPageTest" name="loginTest" time="27.932"/>
</testsuite> <!-- com.apc.kaiser.testcases.LoginPageTest -->
