<?xml version="1.0" encoding="UTF-8"?>
<!-- Generated by org.testng.reporters.JUnitReportReporter -->
<testsuite hostname="DESKTOP-HVLADVB" failures="0" tests="2" name="com.apc.kaiser.testcases.LoginPageTest" time="35.222" errors="0" timestamp="21 Nov 2021 08:05:51 GMT" skipped="0">
  <testcase classname="com.apc.kaiser.testcases.LoginPageTest" name="loginPageTitleTest" time="8.868"/>
  <testcase classname="com.apc.kaiser.testcases.LoginPageTest" name="loginTest" time="26.354"/>
</testsuite> <!-- com.apc.kaiser.testcases.LoginPageTest -->
